[0mLibmodbus path dir = /home/zack/work/ROS2_ws/src/Hiwin_libmodbus/libmodbus[0m
-- Found ament_cmake: 1.3.5 (/opt/ros/humble/share/ament_cmake/cmake)
-- Override CMake install command with custom implementation using symlinks instead of copying resources
-- Found ament_cmake_ros: 0.10.0 (/opt/ros/humble/share/ament_cmake_ros/cmake)
-- Found rclcpp: 16.0.4 (/opt/ros/humble/share/rclcpp/cmake)
-- Found rosidl_generator_c: 3.1.4 (/opt/ros/humble/share/rosidl_generator_c/cmake)
-- Found rosidl_adapter: 3.1.4 (/opt/ros/humble/share/rosidl_adapter/cmake)
-- Found rosidl_generator_cpp: 3.1.4 (/opt/ros/humble/share/rosidl_generator_cpp/cmake)
-- Using all available rosidl_typesupport_c: rosidl_typesupport_fastrtps_c;rosidl_typesupport_introspection_c
-- Using all available rosidl_typesupport_cpp: rosidl_typesupport_fastrtps_cpp;rosidl_typesupport_introspection_cpp
-- Found rmw_implementation_cmake: 6.1.1 (/opt/ros/humble/share/rmw_implementation_cmake/cmake)
-- Found rmw_cyclonedds_cpp: 1.3.4 (/opt/ros/humble/share/rmw_cyclonedds_cpp/cmake)
-- Using RMW implementation 'rmw_cyclonedds_cpp' as default
-- Found rclcpp_action: 16.0.4 (/opt/ros/humble/share/rclcpp_action/cmake)
-- Found rclcpp_components: 16.0.4 (/opt/ros/humble/share/rclcpp_components/cmake)
-- Found hiwin_interfaces: 0.0.0 (/home/zack/work/ROS2_ws/install/hiwin_interfaces/share/hiwin_interfaces/cmake)
-- Found ament_lint_auto: 0.12.6 (/opt/ros/humble/share/ament_lint_auto/cmake)
-- Added test 'cppcheck' to perform static code analysis on C / C++ code
-- Configured cppcheck include dirs: $<BUILD_INTERFACE:/home/zack/work/ROS2_ws/src/Hiwin_libmodbus/hiwin_libmodbus/include>
-- Configured cppcheck exclude dirs and/or files: 
-- Added test 'flake8' to check Python code syntax and style conventions
-- Added test 'lint_cmake' to check CMake code style
-- Added test 'pep257' to check Python code against some of the docstring style conventions in PEP 257
-- Added test 'uncrustify' to check C / C++ code style
-- Configured uncrustify additional arguments: 
-- Added test 'xmllint' to check XML markup files
-- Configuring done
-- Generating done
-- Build files have been written to: /home/zack/work/ROS2_ws/build/hiwin_libmodbus
[35m[1mConsolidate compiler generated dependencies of target hiwin_libmodbus[0m
[ 21%] [32mBuilding C object CMakeFiles/hiwin_libmodbus.dir/home/zack/work/ROS2_ws/src/Hiwin_libmodbus/libmodbus/src/modbus-rtu.c.o[0m
[ 21%] [32mBuilding CXX object CMakeFiles/hiwin_libmodbus.dir/src/hiwin_libmodbus.cpp.o[0m
[ 21%] Built target ament_cmake_python_symlink_hiwin_libmodbus
[ 21%] [32mBuilding C object CMakeFiles/hiwin_libmodbus.dir/home/zack/work/ROS2_ws/src/Hiwin_libmodbus/libmodbus/src/modbus-data.c.o[0m
[ 28%] [32mBuilding C object CMakeFiles/hiwin_libmodbus.dir/home/zack/work/ROS2_ws/src/Hiwin_libmodbus/libmodbus/src/modbus-tcp.c.o[0m
[ 35%] [32mBuilding C object CMakeFiles/hiwin_libmodbus.dir/home/zack/work/ROS2_ws/src/Hiwin_libmodbus/libmodbus/src/modbus.c.o[0m
[01m[K/home/zack/work/ROS2_ws/src/Hiwin_libmodbus/libmodbus/src/modbus-data.c:25:10:[m[K [01;31m[Kfatal error: [m[Kconfig.h: No such file or directory
   25 | #include [01;31m[K<config.h>[m[K
      |          [01;31m[K^~~~~~~~~~[m[K
compilation terminated.
gmake[2]: *** [CMakeFiles/hiwin_libmodbus.dir/build.make:90: CMakeFiles/hiwin_libmodbus.dir/home/zack/work/ROS2_ws/src/Hiwin_libmodbus/libmodbus/src/modbus-data.c.o] Error 1
gmake[2]: *** Waiting for unfinished jobs....
[01m[K/home/zack/work/ROS2_ws/src/Hiwin_libmodbus/libmodbus/src/modbus.c:21:10:[m[K [01;31m[Kfatal error: [m[Kconfig.h: No such file or directory
   21 | #include [01;31m[K<config.h>[m[K
      |          [01;31m[K^~~~~~~~~~[m[K
compilation terminated.
In file included from [01m[K/home/zack/work/ROS2_ws/src/Hiwin_libmodbus/libmodbus/src/modbus-rtu.c:15[m[K:
[01m[K/home/zack/work/ROS2_ws/src/Hiwin_libmodbus/libmodbus/src/modbus-private.h:20:10:[m[K [01;31m[Kfatal error: [m[Kconfig.h: No such file or directory
   20 | #include [01;31m[K<config.h>[m[K
      |          [01;31m[K^~~~~~~~~~[m[K
compilation terminated.
gmake[2]: *** [CMakeFiles/hiwin_libmodbus.dir/build.make:132: CMakeFiles/hiwin_libmodbus.dir/home/zack/work/ROS2_ws/src/Hiwin_libmodbus/libmodbus/src/modbus.c.o] Error 1
gmake[2]: *** [CMakeFiles/hiwin_libmodbus.dir/build.make:104: CMakeFiles/hiwin_libmodbus.dir/home/zack/work/ROS2_ws/src/Hiwin_libmodbus/libmodbus/src/modbus-rtu.c.o] Error 1
In file included from [01m[K/home/zack/work/ROS2_ws/src/Hiwin_libmodbus/libmodbus/src/modbus-tcp.c:59[m[K:
[01m[K/home/zack/work/ROS2_ws/src/Hiwin_libmodbus/libmodbus/src/modbus-private.h:20:10:[m[K [01;31m[Kfatal error: [m[Kconfig.h: No such file or directory
   20 | #include [01;31m[K<config.h>[m[K
      |          [01;31m[K^~~~~~~~~~[m[K
compilation terminated.
gmake[2]: *** [CMakeFiles/hiwin_libmodbus.dir/build.make:118: CMakeFiles/hiwin_libmodbus.dir/home/zack/work/ROS2_ws/src/Hiwin_libmodbus/libmodbus/src/modbus-tcp.c.o] Error 1
In file included from [01m[K/home/zack/work/ROS2_ws/src/Hiwin_libmodbus/hiwin_libmodbus/include/hiwin_libmodbus/hiwin_libmodbus.hpp:16[m[K,
                 from [01m[K/home/zack/work/ROS2_ws/src/Hiwin_libmodbus/hiwin_libmodbus/src/hiwin_libmodbus.cpp:2[m[K:
[01m[K/home/zack/work/ROS2_ws/src/Hiwin_libmodbus/libmodbus/src/modbus.h:22:10:[m[K [01;31m[Kfatal error: [m[Kmodbus-version.h: No such file or directory
   22 | #include [01;31m[K"modbus-version.h"[m[K
      |          [01;31m[K^~~~~~~~~~~~~~~~~~[m[K
compilation terminated.
gmake[2]: *** [CMakeFiles/hiwin_libmodbus.dir/build.make:76: CMakeFiles/hiwin_libmodbus.dir/src/hiwin_libmodbus.cpp.o] Error 1
gmake[1]: *** [CMakeFiles/Makefile2:148: CMakeFiles/hiwin_libmodbus.dir/all] Error 2
gmake[1]: *** Waiting for unfinished jobs....
running egg_info
writing hiwin_libmodbus.egg-info/PKG-INFO
writing dependency_links to hiwin_libmodbus.egg-info/dependency_links.txt
writing top-level names to hiwin_libmodbus.egg-info/top_level.txt
reading manifest file 'hiwin_libmodbus.egg-info/SOURCES.txt'
writing manifest file 'hiwin_libmodbus.egg-info/SOURCES.txt'
[ 35%] Built target ament_cmake_python_build_hiwin_libmodbus_egg
gmake: *** [Makefile:146: all] Error 2
