[0.009s] Invoking command in '/home/zack/work/ROS2_ws/build/hiwin_libmodbus': CMAKE_PREFIX_PATH=/home/zack/work/ROS2_ws/install/hiwin_interfaces:/home/zack/work/ROS2_ws/install/yolo_strategy_interfaces:/home/zack/work/ROS2_ws/install/hiwin_service_client:/home/zack/work/ROS2_ws/install/hiwin_libmodbus:/home/zack/work/ROS2_ws/install/py_pubsub:/home/zack/work/ROS2_ws/install/hiwin_example:/opt/ros/humble LD_LIBRARY_PATH=/home/zack/work/ROS2_ws/install/hiwin_interfaces/lib:/home/zack/work/ROS2_ws/install/yolo_strategy_interfaces/lib:/home/zack/work/ROS2_ws/install/hiwin_libmodbus/lib:/opt/ros/humble/opt/rviz_ogre_vendor/lib:/opt/ros/humble/lib/x86_64-linux-gnu:/opt/ros/humble/lib:/usr/local/nvidia/lib:/usr/local/nvidia/lib64 /usr/bin/cmake /home/zack/work/ROS2_ws/src/Hiwin_libmodbus/hiwin_libmodbus -DCMAKE_BUILD_TYPE=Release -DCMAKE_INSTALL_PREFIX=/home/zack/work/ROS2_ws/install/hiwin_libmodbus
[0.017s] [0mLibmodbus path dir = /home/zack/work/ROS2_ws/src/Hiwin_libmodbus/libmodbus[0m
[0.017s] -- Found ament_cmake: 1.3.5 (/opt/ros/humble/share/ament_cmake/cmake)
[0.110s] -- Override CMake install command with custom implementation using symlinks instead of copying resources
[0.115s] -- Found ament_cmake_ros: 0.10.0 (/opt/ros/humble/share/ament_cmake_ros/cmake)
[0.117s] -- Found rclcpp: 16.0.4 (/opt/ros/humble/share/rclcpp/cmake)
[0.139s] -- Found rosidl_generator_c: 3.1.4 (/opt/ros/humble/share/rosidl_generator_c/cmake)
[0.141s] -- Found rosidl_adapter: 3.1.4 (/opt/ros/humble/share/rosidl_adapter/cmake)
[0.144s] -- Found rosidl_generator_cpp: 3.1.4 (/opt/ros/humble/share/rosidl_generator_cpp/cmake)
[0.151s] -- Using all available rosidl_typesupport_c: rosidl_typesupport_fastrtps_c;rosidl_typesupport_introspection_c
[0.161s] -- Using all available rosidl_typesupport_cpp: rosidl_typesupport_fastrtps_cpp;rosidl_typesupport_introspection_cpp
[0.205s] -- Found rmw_implementation_cmake: 6.1.1 (/opt/ros/humble/share/rmw_implementation_cmake/cmake)
[0.207s] -- Found rmw_cyclonedds_cpp: 1.3.4 (/opt/ros/humble/share/rmw_cyclonedds_cpp/cmake)
[0.233s] -- Using RMW implementation 'rmw_cyclonedds_cpp' as default
[0.343s] -- Found rclcpp_action: 16.0.4 (/opt/ros/humble/share/rclcpp_action/cmake)
[0.408s] -- Found rclcpp_components: 16.0.4 (/opt/ros/humble/share/rclcpp_components/cmake)
[0.450s] -- Found hiwin_interfaces: 0.0.0 (/home/zack/work/ROS2_ws/install/hiwin_interfaces/share/hiwin_interfaces/cmake)
[0.568s] -- Found ament_lint_auto: 0.12.6 (/opt/ros/humble/share/ament_lint_auto/cmake)
[0.614s] -- Added test 'cppcheck' to perform static code analysis on C / C++ code
[0.614s] -- Configured cppcheck include dirs: $<BUILD_INTERFACE:/home/zack/work/ROS2_ws/src/Hiwin_libmodbus/hiwin_libmodbus/include>
[0.614s] -- Configured cppcheck exclude dirs and/or files: 
[0.615s] -- Added test 'flake8' to check Python code syntax and style conventions
[0.615s] -- Added test 'lint_cmake' to check CMake code style
[0.615s] -- Added test 'pep257' to check Python code against some of the docstring style conventions in PEP 257
[0.615s] -- Added test 'uncrustify' to check C / C++ code style
[0.615s] -- Configured uncrustify additional arguments: 
[0.615s] -- Added test 'xmllint' to check XML markup files
[0.619s] -- Configuring done
[0.636s] -- Generating done
[0.638s] -- Build files have been written to: /home/zack/work/ROS2_ws/build/hiwin_libmodbus
[0.644s] Invoked command in '/home/zack/work/ROS2_ws/build/hiwin_libmodbus' returned '0': CMAKE_PREFIX_PATH=/home/zack/work/ROS2_ws/install/hiwin_interfaces:/home/zack/work/ROS2_ws/install/yolo_strategy_interfaces:/home/zack/work/ROS2_ws/install/hiwin_service_client:/home/zack/work/ROS2_ws/install/hiwin_libmodbus:/home/zack/work/ROS2_ws/install/py_pubsub:/home/zack/work/ROS2_ws/install/hiwin_example:/opt/ros/humble LD_LIBRARY_PATH=/home/zack/work/ROS2_ws/install/hiwin_interfaces/lib:/home/zack/work/ROS2_ws/install/yolo_strategy_interfaces/lib:/home/zack/work/ROS2_ws/install/hiwin_libmodbus/lib:/opt/ros/humble/opt/rviz_ogre_vendor/lib:/opt/ros/humble/lib/x86_64-linux-gnu:/opt/ros/humble/lib:/usr/local/nvidia/lib:/usr/local/nvidia/lib64 /usr/bin/cmake /home/zack/work/ROS2_ws/src/Hiwin_libmodbus/hiwin_libmodbus -DCMAKE_BUILD_TYPE=Release -DCMAKE_INSTALL_PREFIX=/home/zack/work/ROS2_ws/install/hiwin_libmodbus
[0.646s] Invoking command in '/home/zack/work/ROS2_ws/build/hiwin_libmodbus': CMAKE_PREFIX_PATH=/home/zack/work/ROS2_ws/install/hiwin_interfaces:/home/zack/work/ROS2_ws/install/yolo_strategy_interfaces:/home/zack/work/ROS2_ws/install/hiwin_service_client:/home/zack/work/ROS2_ws/install/hiwin_libmodbus:/home/zack/work/ROS2_ws/install/py_pubsub:/home/zack/work/ROS2_ws/install/hiwin_example:/opt/ros/humble LD_LIBRARY_PATH=/home/zack/work/ROS2_ws/install/hiwin_interfaces/lib:/home/zack/work/ROS2_ws/install/yolo_strategy_interfaces/lib:/home/zack/work/ROS2_ws/install/hiwin_libmodbus/lib:/opt/ros/humble/opt/rviz_ogre_vendor/lib:/opt/ros/humble/lib/x86_64-linux-gnu:/opt/ros/humble/lib:/usr/local/nvidia/lib:/usr/local/nvidia/lib64 /usr/bin/cmake --build /home/zack/work/ROS2_ws/build/hiwin_libmodbus -- -j16 -l16
[0.674s] [35m[1mConsolidate compiler generated dependencies of target hiwin_libmodbus[0m
[0.684s] [ 21%] [32mBuilding C object CMakeFiles/hiwin_libmodbus.dir/home/zack/work/ROS2_ws/src/Hiwin_libmodbus/libmodbus/src/modbus-rtu.c.o[0m
[0.684s] [ 21%] [32mBuilding CXX object CMakeFiles/hiwin_libmodbus.dir/src/hiwin_libmodbus.cpp.o[0m
[0.684s] [ 21%] Built target ament_cmake_python_symlink_hiwin_libmodbus
[0.684s] [ 21%] [32mBuilding C object CMakeFiles/hiwin_libmodbus.dir/home/zack/work/ROS2_ws/src/Hiwin_libmodbus/libmodbus/src/modbus-data.c.o[0m
[0.685s] [ 28%] [32mBuilding C object CMakeFiles/hiwin_libmodbus.dir/home/zack/work/ROS2_ws/src/Hiwin_libmodbus/libmodbus/src/modbus-tcp.c.o[0m
[0.685s] [ 35%] [32mBuilding C object CMakeFiles/hiwin_libmodbus.dir/home/zack/work/ROS2_ws/src/Hiwin_libmodbus/libmodbus/src/modbus.c.o[0m
[0.697s] [01m[K/home/zack/work/ROS2_ws/src/Hiwin_libmodbus/libmodbus/src/modbus-data.c:25:10:[m[K [01;31m[Kfatal error: [m[Kconfig.h: No such file or directory
[0.697s]    25 | #include [01;31m[K<config.h>[m[K
[0.698s]       |          [01;31m[K^~~~~~~~~~[m[K
[0.698s] compilation terminated.
[0.698s] gmake[2]: *** [CMakeFiles/hiwin_libmodbus.dir/build.make:90: CMakeFiles/hiwin_libmodbus.dir/home/zack/work/ROS2_ws/src/Hiwin_libmodbus/libmodbus/src/modbus-data.c.o] Error 1
[0.698s] gmake[2]: *** Waiting for unfinished jobs....
[0.699s] [01m[K/home/zack/work/ROS2_ws/src/Hiwin_libmodbus/libmodbus/src/modbus.c:21:10:[m[K [01;31m[Kfatal error: [m[Kconfig.h: No such file or directory
[0.699s]    21 | #include [01;31m[K<config.h>[m[K
[0.699s]       |          [01;31m[K^~~~~~~~~~[m[K
[0.699s] compilation terminated.
[0.700s] In file included from [01m[K/home/zack/work/ROS2_ws/src/Hiwin_libmodbus/libmodbus/src/modbus-rtu.c:15[m[K:
[0.700s] [01m[K/home/zack/work/ROS2_ws/src/Hiwin_libmodbus/libmodbus/src/modbus-private.h:20:10:[m[K [01;31m[Kfatal error: [m[Kconfig.h: No such file or directory
[0.700s]    20 | #include [01;31m[K<config.h>[m[K
[0.700s]       |          [01;31m[K^~~~~~~~~~[m[K
[0.700s] compilation terminated.
[0.700s] gmake[2]: *** [CMakeFiles/hiwin_libmodbus.dir/build.make:132: CMakeFiles/hiwin_libmodbus.dir/home/zack/work/ROS2_ws/src/Hiwin_libmodbus/libmodbus/src/modbus.c.o] Error 1
[0.700s] gmake[2]: *** [CMakeFiles/hiwin_libmodbus.dir/build.make:104: CMakeFiles/hiwin_libmodbus.dir/home/zack/work/ROS2_ws/src/Hiwin_libmodbus/libmodbus/src/modbus-rtu.c.o] Error 1
[0.707s] In file included from [01m[K/home/zack/work/ROS2_ws/src/Hiwin_libmodbus/libmodbus/src/modbus-tcp.c:59[m[K:
[0.707s] [01m[K/home/zack/work/ROS2_ws/src/Hiwin_libmodbus/libmodbus/src/modbus-private.h:20:10:[m[K [01;31m[Kfatal error: [m[Kconfig.h: No such file or directory
[0.707s]    20 | #include [01;31m[K<config.h>[m[K
[0.707s]       |          [01;31m[K^~~~~~~~~~[m[K
[0.707s] compilation terminated.
[0.708s] gmake[2]: *** [CMakeFiles/hiwin_libmodbus.dir/build.make:118: CMakeFiles/hiwin_libmodbus.dir/home/zack/work/ROS2_ws/src/Hiwin_libmodbus/libmodbus/src/modbus-tcp.c.o] Error 1
[0.715s] In file included from [01m[K/home/zack/work/ROS2_ws/src/Hiwin_libmodbus/hiwin_libmodbus/include/hiwin_libmodbus/hiwin_libmodbus.hpp:16[m[K,
[0.716s]                  from [01m[K/home/zack/work/ROS2_ws/src/Hiwin_libmodbus/hiwin_libmodbus/src/hiwin_libmodbus.cpp:2[m[K:
[0.716s] [01m[K/home/zack/work/ROS2_ws/src/Hiwin_libmodbus/libmodbus/src/modbus.h:22:10:[m[K [01;31m[Kfatal error: [m[Kmodbus-version.h: No such file or directory
[0.716s]    22 | #include [01;31m[K"modbus-version.h"[m[K
[0.716s]       |          [01;31m[K^~~~~~~~~~~~~~~~~~[m[K
[0.716s] compilation terminated.
[0.717s] gmake[2]: *** [CMakeFiles/hiwin_libmodbus.dir/build.make:76: CMakeFiles/hiwin_libmodbus.dir/src/hiwin_libmodbus.cpp.o] Error 1
[0.717s] gmake[1]: *** [CMakeFiles/Makefile2:148: CMakeFiles/hiwin_libmodbus.dir/all] Error 2
[0.717s] gmake[1]: *** Waiting for unfinished jobs....
[0.844s] running egg_info
[0.844s] writing hiwin_libmodbus.egg-info/PKG-INFO
[0.845s] writing dependency_links to hiwin_libmodbus.egg-info/dependency_links.txt
[0.845s] writing top-level names to hiwin_libmodbus.egg-info/top_level.txt
[0.846s] reading manifest file 'hiwin_libmodbus.egg-info/SOURCES.txt'
[0.847s] writing manifest file 'hiwin_libmodbus.egg-info/SOURCES.txt'
[0.866s] [ 35%] Built target ament_cmake_python_build_hiwin_libmodbus_egg
[0.866s] gmake: *** [Makefile:146: all] Error 2
[0.868s] Invoked command in '/home/zack/work/ROS2_ws/build/hiwin_libmodbus' returned '2': CMAKE_PREFIX_PATH=/home/zack/work/ROS2_ws/install/hiwin_interfaces:/home/zack/work/ROS2_ws/install/yolo_strategy_interfaces:/home/zack/work/ROS2_ws/install/hiwin_service_client:/home/zack/work/ROS2_ws/install/hiwin_libmodbus:/home/zack/work/ROS2_ws/install/py_pubsub:/home/zack/work/ROS2_ws/install/hiwin_example:/opt/ros/humble LD_LIBRARY_PATH=/home/zack/work/ROS2_ws/install/hiwin_interfaces/lib:/home/zack/work/ROS2_ws/install/yolo_strategy_interfaces/lib:/home/zack/work/ROS2_ws/install/hiwin_libmodbus/lib:/opt/ros/humble/opt/rviz_ogre_vendor/lib:/opt/ros/humble/lib/x86_64-linux-gnu:/opt/ros/humble/lib:/usr/local/nvidia/lib:/usr/local/nvidia/lib64 /usr/bin/cmake --build /home/zack/work/ROS2_ws/build/hiwin_libmodbus -- -j16 -l16
